19:50:26.927 [main] DEBUG com.intuit.karate.Suite - [config] classpath:karate-config.js
19:50:27.478 [main] INFO  com.intuit.karate - karate.env system property was: null 
19:50:27.981 [main] DEBUG com.intuit.karate - request:
1 > POST https://gorest.co.in/public/v2/users
1 > Authorization: Bearer 515affa5e7a547730508144f734fd2bbee8110efa67fb4afbcc1701e59ba3dec
1 > Accept: application/json;charset=utf-8
1 > Content-Type: application/json; charset=UTF-8
1 > Content-Length: 95
1 > Host: gorest.co.in
1 > Connection: Keep-Alive
1 > User-Agent: Apache-HttpClient/4.5.13 (Java/11.0.13)
1 > Accept-Encoding: gzip,deflate
{
  "name": "david munoz Mazo",
  "gender": "male",
  "email": "david.munozm13@test.com",
  "status": "active"
}


19:50:29.322 [main] DEBUG com.intuit.karate - response time in milliseconds: 1341
1 < 422
1 < Server: nginx
1 < Date: Mon, 11 Apr 2022 00:50:28 GMT
1 < Content-Type: application/json; charset=utf-8
1 < Transfer-Encoding: chunked
1 < Connection: keep-alive
1 < X-Frame-Options: SAMEORIGIN
1 < X-XSS-Protection: 0
1 < X-Content-Type-Options: nosniff
1 < X-Download-Options: noopen
1 < X-Permitted-Cross-Domain-Policies: none
1 < Referrer-Policy: strict-origin-when-cross-origin
1 < X-RateLimit-Limit: 90
1 < X-RateLimit-Remaining: 89
1 < X-RateLimit-Reset: 1
1 < Cache-Control: no-cache
1 < X-Request-Id: ff16cd40-4ca9-4ce4-b740-6955e6c4d170
1 < X-Runtime: 0.017087
1 < Strict-Transport-Security: max-age=63072000; includeSubDomains
1 < Vary: Origin
[
  {
    "field": "email",
    "message": "has already been taken"
  }
]


19:50:29.325 [main] ERROR com.intuit.karate - classpath:PostmanApp/features/createUser.feature:16
Then status 201
status code was: 422, expected: 201, response time in milliseconds: 1341, url: https://gorest.co.in/public/v2/users, response: 
[{"field":"email","message":"has already been taken"}]
classpath:PostmanApp/features/createUser.feature:16
19:50:29.752 [main] INFO  com.intuit.karate - karate.env system property was: null 
19:50:29.761 [main] DEBUG com.intuit.karate - request:
1 > POST https://gorest.co.in/public/v2/users
1 > Authorization: Bearer 515affa5e7a547730508144f734fd2bbee8110efa67fb4afbcc1701e59ba3dec
1 > Accept: application/json;charset=utf-8
1 > Content-Type: application/json; charset=UTF-8
1 > Content-Length: 95
1 > Host: gorest.co.in
1 > Connection: Keep-Alive
1 > User-Agent: Apache-HttpClient/4.5.13 (Java/11.0.13)
1 > Accept-Encoding: gzip,deflate
{
  "name": "david munoz Mazo",
  "gender": "male",
  "email": "david.munozm13@test.com",
  "status": "active"
}


19:50:30.978 [main] DEBUG com.intuit.karate - response time in milliseconds: 1215
1 < 422
1 < Server: nginx
1 < Date: Mon, 11 Apr 2022 00:50:29 GMT
1 < Content-Type: application/json; charset=utf-8
1 < Transfer-Encoding: chunked
1 < Connection: keep-alive
1 < X-Frame-Options: SAMEORIGIN
1 < X-XSS-Protection: 0
1 < X-Content-Type-Options: nosniff
1 < X-Download-Options: noopen
1 < X-Permitted-Cross-Domain-Policies: none
1 < Referrer-Policy: strict-origin-when-cross-origin
1 < X-RateLimit-Limit: 90
1 < X-RateLimit-Remaining: 89
1 < X-RateLimit-Reset: 1
1 < Cache-Control: no-cache
1 < X-Request-Id: 6a9314b0-9cee-4072-8400-03cc727ec21c
1 < X-Runtime: 0.020334
1 < Strict-Transport-Security: max-age=63072000; includeSubDomains
1 < Vary: Origin
[
  {
    "field": "email",
    "message": "has already been taken"
  }
]


19:50:30.978 [main] ERROR com.intuit.karate - classpath:PostmanApp/features/createUser.feature:16
Then status 201
status code was: 422, expected: 201, response time in milliseconds: 1215, url: https://gorest.co.in/public/v2/users, response: 
[{"field":"email","message":"has already been taken"}]
classpath:PostmanApp/features/createUser.feature:16
19:50:30.980 [main] ERROR com.intuit.karate - classpath:PostmanApp/features/deleteUser.feature:6
* def getIdUser = call read('classpath:PostmanApp/features/createUser.feature')
status code was: 422, expected: 201, response time in milliseconds: 1215, url: https://gorest.co.in/public/v2/users, response: 
[{"field":"email","message":"has already been taken"}]
classpath:PostmanApp/features/createUser.feature:16
classpath:PostmanApp/features/deleteUser.feature:6
19:50:31.060 [main] INFO  com.intuit.karate - karate.env system property was: null 
19:50:31.070 [main] DEBUG com.intuit.karate - request:
1 > POST https://gorest.co.in/public/v2/users
1 > Authorization: Bearer 515affa5e7a547730508144f734fd2bbee8110efa67fb4afbcc1701e59ba3dec
1 > Accept: application/json;charset=utf-8
1 > Content-Type: application/json; charset=UTF-8
1 > Content-Length: 95
1 > Host: gorest.co.in
1 > Connection: Keep-Alive
1 > User-Agent: Apache-HttpClient/4.5.13 (Java/11.0.13)
1 > Accept-Encoding: gzip,deflate
{
  "name": "david munoz Mazo",
  "gender": "male",
  "email": "david.munozm13@test.com",
  "status": "active"
}


19:50:32.301 [main] DEBUG com.intuit.karate - response time in milliseconds: 1231
1 < 422
1 < Server: nginx
1 < Date: Mon, 11 Apr 2022 00:50:31 GMT
1 < Content-Type: application/json; charset=utf-8
1 < Transfer-Encoding: chunked
1 < Connection: keep-alive
1 < X-Frame-Options: SAMEORIGIN
1 < X-XSS-Protection: 0
1 < X-Content-Type-Options: nosniff
1 < X-Download-Options: noopen
1 < X-Permitted-Cross-Domain-Policies: none
1 < Referrer-Policy: strict-origin-when-cross-origin
1 < X-RateLimit-Limit: 90
1 < X-RateLimit-Remaining: 89
1 < X-RateLimit-Reset: 1
1 < Cache-Control: no-cache
1 < X-Request-Id: a1343f32-fca1-4135-8582-3f335e41ae45
1 < X-Runtime: 0.019921
1 < Strict-Transport-Security: max-age=63072000; includeSubDomains
1 < Vary: Origin
[
  {
    "field": "email",
    "message": "has already been taken"
  }
]


19:50:32.302 [main] ERROR com.intuit.karate - classpath:PostmanApp/features/createUser.feature:16
Then status 201
status code was: 422, expected: 201, response time in milliseconds: 1231, url: https://gorest.co.in/public/v2/users, response: 
[{"field":"email","message":"has already been taken"}]
classpath:PostmanApp/features/createUser.feature:16
19:50:32.302 [main] ERROR com.intuit.karate - classpath:PostmanApp/features/findUser.feature:6
* def getIdUser = call read('classpath:PostmanApp/features/createUser.feature')
status code was: 422, expected: 201, response time in milliseconds: 1231, url: https://gorest.co.in/public/v2/users, response: 
[{"field":"email","message":"has already been taken"}]
classpath:PostmanApp/features/createUser.feature:16
classpath:PostmanApp/features/findUser.feature:6
19:50:32.400 [main] INFO  com.intuit.karate - karate.env system property was: null 
19:50:32.412 [main] DEBUG com.intuit.karate - request:
1 > POST https://gorest.co.in/public/v2/users
1 > Authorization: Bearer 515affa5e7a547730508144f734fd2bbee8110efa67fb4afbcc1701e59ba3dec
1 > Accept: application/json;charset=utf-8
1 > Content-Type: application/json; charset=UTF-8
1 > Content-Length: 95
1 > Host: gorest.co.in
1 > Connection: Keep-Alive
1 > User-Agent: Apache-HttpClient/4.5.13 (Java/11.0.13)
1 > Accept-Encoding: gzip,deflate
{
  "name": "david munoz Mazo",
  "gender": "male",
  "email": "david.munozm13@test.com",
  "status": "active"
}


19:50:33.727 [main] DEBUG com.intuit.karate - response time in milliseconds: 1315
1 < 422
1 < Server: nginx
1 < Date: Mon, 11 Apr 2022 00:50:32 GMT
1 < Content-Type: application/json; charset=utf-8
1 < Transfer-Encoding: chunked
1 < Connection: keep-alive
1 < X-Frame-Options: SAMEORIGIN
1 < X-XSS-Protection: 0
1 < X-Content-Type-Options: nosniff
1 < X-Download-Options: noopen
1 < X-Permitted-Cross-Domain-Policies: none
1 < Referrer-Policy: strict-origin-when-cross-origin
1 < X-RateLimit-Limit: 90
1 < X-RateLimit-Remaining: 89
1 < X-RateLimit-Reset: 1
1 < Cache-Control: no-cache
1 < X-Request-Id: 374ccfe0-e216-4c25-89c9-d247d3a78e80
1 < X-Runtime: 0.029107
1 < Strict-Transport-Security: max-age=63072000; includeSubDomains
1 < Vary: Origin
[
  {
    "field": "email",
    "message": "has already been taken"
  }
]


19:50:33.728 [main] ERROR com.intuit.karate - classpath:PostmanApp/features/createUser.feature:16
Then status 201
status code was: 422, expected: 201, response time in milliseconds: 1315, url: https://gorest.co.in/public/v2/users, response: 
[{"field":"email","message":"has already been taken"}]
classpath:PostmanApp/features/createUser.feature:16
19:50:33.728 [main] ERROR com.intuit.karate - classpath:PostmanApp/features/updateUser.feature:5
* def getIdUser = call read('classpath:PostmanApp/features/createUser.feature')
status code was: 422, expected: 201, response time in milliseconds: 1315, url: https://gorest.co.in/public/v2/users, response: 
[{"field":"email","message":"has already been taken"}]
classpath:PostmanApp/features/createUser.feature:16
classpath:PostmanApp/features/updateUser.feature:5
19:50:33.781 [main] INFO  com.intuit.karate - karate.env system property was: null 
19:50:33.784 [main] DEBUG com.intuit.karate - request:
1 > GET https://gorest.co.in/public/v2/users?page=2
1 > Authorization: Bearer 515affa5e7a547730508144f734fd2bbee8110efa67fb4afbcc1701e59ba3dec
1 > Accept: application/json;charset=utf-8
1 > Host: gorest.co.in
1 > Connection: Keep-Alive
1 > User-Agent: Apache-HttpClient/4.5.13 (Java/11.0.13)
1 > Accept-Encoding: gzip,deflate


19:50:35.098 [main] DEBUG com.intuit.karate - response time in milliseconds: 1314
1 < 200
1 < Server: nginx
1 < Date: Mon, 11 Apr 2022 00:50:34 GMT
1 < Content-Type: application/json; charset=utf-8
1 < Transfer-Encoding: chunked
1 < Connection: keep-alive
1 < Vary: Accept-Encoding
1 < Vary: Origin
1 < X-Frame-Options: SAMEORIGIN
1 < X-XSS-Protection: 0
1 < X-Content-Type-Options: nosniff
1 < X-Download-Options: noopen
1 < X-Permitted-Cross-Domain-Policies: none
1 < Referrer-Policy: strict-origin-when-cross-origin
1 < X-RateLimit-Limit: 90
1 < X-RateLimit-Remaining: 89
1 < X-RateLimit-Reset: 1
1 < X-Pagination-Total: 3031
1 < X-Pagination-Pages: 152
1 < X-Pagination-Page: 2
1 < X-Pagination-Limit: 20
1 < X-Links-Previous: https://gorest.co.in/public/v2/users?page=1
1 < X-Links-Current: https://gorest.co.in/public/v2/users?page=2
1 < X-Links-Next: https://gorest.co.in/public/v2/users?page=3
1 < ETag: W/"93a9fa2320e187bc2ca3c6be352e9203"
1 < Cache-Control: max-age=0, private, must-revalidate
1 < X-Request-Id: a1f2d147-bced-483a-b531-242d6d8ef4fe
1 < X-Runtime: 0.024020
1 < Strict-Transport-Security: max-age=63072000; includeSubDomains
[
  {
    "id": 3020,
    "name": "Chandrani Kaul",
    "email": "kaul_chandrani@okeefe-feeney.net",
    "gender": "male",
    "status": "active"
  },
  {
    "id": 3019,
    "name": "Vishwamitra Khan DO",
    "email": "do_khan_vishwamitra@kirlin.info",
    "gender": "female",
    "status": "inactive"
  },
  {
    "id": 3018,
    "name": "Kartik Mukhopadhyay",
    "email": "mukhopadhyay_kartik@koelpin.io",
    "gender": "female",
    "status": "active"
  },
  {
    "id": 3017,
    "name": "Shashikala Iyer",
    "email": "iyer_shashikala@schulist.name",
    "gender": "female",
    "status": "inactive"
  },
  {
    "id": 3016,
    "name": "Bharadwaj Mahajan",
    "email": "mahajan_bharadwaj@nicolas-swaniawski.org",
    "gender": "male",
    "status": "active"
  },
  {
    "id": 3015,
    "name": "Deveshwar Kapoor",
    "email": "deveshwar_kapoor@hickle.net",
    "gender": "male",
    "status": "active"
  },
  {
    "id": 3014,
    "name": "Gudakesa Namboothiri",
    "email": "gudakesa_namboothiri@swift-crist.name",
    "gender": "male",
    "status": "active"
  },
  {
    "id": 3013,
    "name": "Dr. Balaaditya Joshi",
    "email": "joshi_dr_balaaditya@lakin.biz",
    "gender": "male",
    "status": "inactive"
  },
  {
    "id": 3012,
    "name": "Gorakhnath Saini",
    "email": "gorakhnath_saini@bosco.biz",
    "gender": "male",
    "status": "inactive"
  },
  {
    "id": 3011,
    "name": "Purnima Johar",
    "email": "purnima_johar@kuphal.info",
    "gender": "female",
    "status": "active"
  },
  {
    "id": 3010,
    "name": "Ekaparnika Pothuvaal",
    "email": "ekaparnika_pothuvaal@lehner-kirlin.org",
    "gender": "male",
    "status": "active"
  },
  {
    "id": 3009,
    "name": "Swara Patil CPA",
    "email": "patil_cpa_swara@effertz.name",
    "gender": "female",
    "status": "active"
  },
  {
    "id": 3008,
    "name": "Bhooshan Desai",
    "email": "bhooshan_desai@luettgen.org",
    "gender": "female",
    "status": "inactive"
  },
  {
    "id": 3007,
    "name": "Karthik Khan",
    "email": "karthik_khan@runolfsson.io",
    "gender": "male",
    "status": "inactive"
  },
  {
    "id": 3006,
    "name": "Rati Gill",
    "email": "rati_gill@abbott.biz",
    "gender": "male",
    "status": "inactive"
  },
  {
    "id": 3005,
    "name": "Amb. Baalaaditya Butt",
    "email": "amb_butt_baalaaditya@harber-lowe.biz",
    "gender": "female",
    "status": "inactive"
  },
  {
    "id": 3004,
    "name": "Anaadi Butt",
    "email": "anaadi_butt@mclaughlin.name",
    "gender": "female",
    "status": "inactive"
  },
  {
    "id": 3003,
    "name": "Prof. Surya Shah",
    "email": "surya_shah_prof@raynor-hintz.io",
    "gender": "female",
    "status": "active"
  },
  {
    "id": 3002,
    "name": "The Hon. Parvati Gill",
    "email": "the_hon_gill_parvati@schowalter.com",
    "gender": "male",
    "status": "active"
  },
  {
    "id": 3001,
    "name": "Gov. Kanak Pothuvaal",
    "email": "kanak_pothuvaal_gov@macgyver.org",
    "gender": "male",
    "status": "inactive"
  }
]


19:50:35.285 [main] DEBUG com.intuit.karate.Suite - [config] classpath:karate-config.js
